The system is: Windows - 10.0.22623 - AMD64
Compiling the C compiler identification source file "CMakeCCompilerId.c" succeeded.
Compiler: D:/visual_studio/IDE/VC/Tools/MSVC/14.33.31629/bin/Hostx64/x64/cl.exe 
Build flags: 
Id flags:  

The output was:
0
用于 x64 的 Microsoft (R) C/C++ 优化编译器 19.33.31630 版
版权所有(C) Microsoft Corporation。保留所有权利。

CMakeCCompilerId.c
Microsoft (R) Incremental Linker Version 14.33.31630.0
Copyright (C) Microsoft Corporation.  All rights reserved.

/out:CMakeCCompilerId.exe 
CMakeCCompilerId.obj 


Compilation of the C compiler identification source "CMakeCCompilerId.c" produced "CMakeCCompilerId.exe"

Compilation of the C compiler identification source "CMakeCCompilerId.c" produced "CMakeCCompilerId.obj"

The C compiler identification is MSVC, found in "D:/Programming/CPP_file/CourseGranding/week6and7_LinkTable/RecursivePairInversionOfSingleLinkedList/out/build/x64-Debug/CMakeFiles/3.23.22060601-MSVC_2/CompilerIdC/CMakeCCompilerId.exe"

Compiling the CXX compiler identification source file "CMakeCXXCompilerId.cpp" succeeded.
Compiler: D:/visual_studio/IDE/VC/Tools/MSVC/14.33.31629/bin/Hostx64/x64/cl.exe 
Build flags: 
Id flags:  

The output was:
0
用于 x64 的 Microsoft (R) C/C++ 优化编译器 19.33.31630 版
版权所有(C) Microsoft Corporation。保留所有权利。

CMakeCXXCompilerId.cpp
Microsoft (R) Incremental Linker Version 14.33.31630.0
Copyright (C) Microsoft Corporation.  All rights reserved.

/out:CMakeCXXCompilerId.exe 
CMakeCXXCompilerId.obj 


Compilation of the CXX compiler identification source "CMakeCXXCompilerId.cpp" produced "CMakeCXXCompilerId.exe"

Compilation of the CXX compiler identification source "CMakeCXXCompilerId.cpp" produced "CMakeCXXCompilerId.obj"

The CXX compiler identification is MSVC, found in "D:/Programming/CPP_file/CourseGranding/week6and7_LinkTable/RecursivePairInversionOfSingleLinkedList/out/build/x64-Debug/CMakeFiles/3.23.22060601-MSVC_2/CompilerIdCXX/CMakeCXXCompilerId.exe"

Detecting C compiler ABI info compiled with the following output:
Change Dir: D:/Programming/CPP_file/CourseGranding/week6and7_LinkTable/RecursivePairInversionOfSingleLinkedList/out/build/x64-Debug/CMakeFiles/CMakeTmp

Run Build Command(s):D:\VISUAL_STUDIO\IDE\COMMON7\IDE\COMMONEXTENSIONS\MICROSOFT\CMAKE\Ninja\ninja.exe cmTC_5754a && [1/2] Building C object CMakeFiles\cmTC_5754a.dir\CMakeCCompilerABI.c.obj
[2/2] Linking C executable cmTC_5754a.exe



Detecting CXX compiler ABI info compiled with the following output:
Change Dir: D:/Programming/CPP_file/CourseGranding/week6and7_LinkTable/RecursivePairInversionOfSingleLinkedList/out/build/x64-Debug/CMakeFiles/CMakeTmp

Run Build Command(s):D:\VISUAL_STUDIO\IDE\COMMON7\IDE\COMMONEXTENSIONS\MICROSOFT\CMAKE\Ninja\ninja.exe cmTC_e6b86 && [1/2] Building CXX object CMakeFiles\cmTC_e6b86.dir\CMakeCXXCompilerABI.cpp.obj
[2/2] Linking CXX executable cmTC_e6b86.exe



