The system is: Windows - 10.0.22623 - AMD64
Compiling the C compiler identification source file "CMakeCCompilerId.c" succeeded.
Compiler: D:/visual_studio/IDE/VC/Tools/MSVC/14.34.31933/bin/Hostx86/x86/cl.exe 
Build flags: 
Id flags:  

The output was:
0
Microsoft (R) C/C++ Optimizing Compiler Version 19.34.31933 for x86
Copyright (C) Microsoft Corporation.  All rights reserved.

CMakeCCompilerId.c
Microsoft (R) Incremental Linker Version 14.34.31933.0
Copyright (C) Microsoft Corporation.  All rights reserved.

/out:CMakeCCompilerId.exe 
CMakeCCompilerId.obj 


Compilation of the C compiler identification source "CMakeCCompilerId.c" produced "CMakeCCompilerId.exe"

Compilation of the C compiler identification source "CMakeCCompilerId.c" produced "CMakeCCompilerId.obj"

The C compiler identification is MSVC, found in "D:/Programming/C-CPP/CourseGranding/week12and13_sort/(3)链表下的归并排序/cmake-build-debug/CMakeFiles/3.23.2/CompilerIdC/CMakeCCompilerId.exe"

Compiling the CXX compiler identification source file "CMakeCXXCompilerId.cpp" succeeded.
Compiler: D:/visual_studio/IDE/VC/Tools/MSVC/14.34.31933/bin/Hostx86/x86/cl.exe 
Build flags: 
Id flags:  

The output was:
0
Microsoft (R) C/C++ Optimizing Compiler Version 19.34.31933 for x86
Copyright (C) Microsoft Corporation.  All rights reserved.

CMakeCXXCompilerId.cpp
Microsoft (R) Incremental Linker Version 14.34.31933.0
Copyright (C) Microsoft Corporation.  All rights reserved.

/out:CMakeCXXCompilerId.exe 
CMakeCXXCompilerId.obj 


Compilation of the CXX compiler identification source "CMakeCXXCompilerId.cpp" produced "CMakeCXXCompilerId.exe"

Compilation of the CXX compiler identification source "CMakeCXXCompilerId.cpp" produced "CMakeCXXCompilerId.obj"

The CXX compiler identification is MSVC, found in "D:/Programming/C-CPP/CourseGranding/week12and13_sort/(3)链表下的归并排序/cmake-build-debug/CMakeFiles/3.23.2/CompilerIdCXX/CMakeCXXCompilerId.exe"

Detecting C compiler ABI info compiled with the following output:
Change Dir: D:/Programming/C-CPP/CourseGranding/week12and13_sort/(3)链表下的归并排序/cmake-build-debug/CMakeFiles/CMakeTmp

Run Build Command(s):D:/应用/JetBrains/ToolBox/apps/CLion/ch-0/222.4345.21/bin/ninja/win/ninja.exe cmTC_33947 && [1/2] Building C object CMakeFiles\cmTC_33947.dir\CMakeCCompilerABI.c.obj
[2/2] Linking C executable cmTC_33947.exe



Detecting CXX compiler ABI info compiled with the following output:
Change Dir: D:/Programming/C-CPP/CourseGranding/week12and13_sort/(3)链表下的归并排序/cmake-build-debug/CMakeFiles/CMakeTmp

Run Build Command(s):D:/应用/JetBrains/ToolBox/apps/CLion/ch-0/222.4345.21/bin/ninja/win/ninja.exe cmTC_cce82 && [1/2] Building CXX object CMakeFiles\cmTC_cce82.dir\CMakeCXXCompilerABI.cpp.obj
[2/2] Linking CXX executable cmTC_cce82.exe



