Created by PLY version 3.11 (http://www.dabeaz.com/ply)

Grammar

Rule 0     S' -> query
Rule 1     query -> select
Rule 2     query -> LP query RP
Rule 3     select -> SELECT list FROM table_list opt_where_clause opt_order_clause
Rule 4     opt_where_clause -> WHERE condition
Rule 5     opt_where_clause -> empty
Rule 6     opt_order_clause -> ORDER BY NAME ASC
Rule 7     opt_order_clause -> ORDER BY NAME DESC
Rule 8     opt_order_clause -> ORDER BY NAME
Rule 9     opt_order_clause -> empty
Rule 10    condition -> NAME EQUALS NAME
Rule 11    condition -> NAME LT NAME
Rule 12    condition -> NAME GT NAME
Rule 13    condition -> NAME LE NAME
Rule 14    condition -> NAME GE NAME
Rule 15    condition -> NAME NE NAME
Rule 16    condition -> condition AND condition
Rule 17    condition -> condition OR condition
Rule 18    condition -> LP condition RP
Rule 19    condition -> NAME BETWEEN NAME AND NAME
Rule 20    condition -> NAME BETWEEN NUMBER AND NUMBER
Rule 21    condition -> NAME IN LP query RP
Rule 22    condition -> NAME EQUALS aggregate_function
Rule 23    list -> list COMMA field
Rule 24    list -> field
Rule 25    list -> STAR
Rule 26    table_list -> table_list COMMA table
Rule 27    table_list -> table
Rule 28    empty -> <empty>
Rule 29    aggregate_function -> AVG LP NAME RP
Rule 30    aggregate_function -> SUM LP NAME RP
Rule 31    aggregate_function -> MAX LP NAME RP
Rule 32    aggregate_function -> MIN LP NAME RP
Rule 33    aggregate_function -> COUNT LP NAME RP
Rule 34    table -> NAME
Rule 35    table -> NAME AS NAME
Rule 36    table -> aggregate_function
Rule 37    table -> aggregate_function AS NAME
Rule 38    field -> NAME
Rule 39    field -> NAME AS NAME
Rule 40    field -> aggregate_function
Rule 41    field -> aggregate_function AS NAME
Rule 42    field -> STAR

Terminals, with rules where they appear

AND                  : 16 19 20
AS                   : 35 37 39 41
ASC                  : 6
AVG                  : 29
BETWEEN              : 19 20
BY                   : 6 7 8
COMMA                : 23 26
COUNT                : 33
DESC                 : 7
EQUALS               : 10 22
FROM                 : 3
GE                   : 14
GT                   : 12
IN                   : 21
LE                   : 13
LP                   : 2 18 21 29 30 31 32 33
LT                   : 11
MAX                  : 31
MIN                  : 32
NAME                 : 6 7 8 10 10 11 11 12 12 13 13 14 14 15 15 19 19 19 20 21 22 29 30 31 32 33 34 35 35 37 38 39 39 41
NE                   : 15
NUMBER               : 20 20
OR                   : 17
ORDER                : 6 7 8
RP                   : 2 18 21 29 30 31 32 33
SELECT               : 3
STAR                 : 25 42
SUM                  : 30
WHERE                : 4
error                : 

Nonterminals, with rules where they appear

aggregate_function   : 22 36 37 40 41
condition            : 4 16 16 17 17 18
empty                : 5 9
field                : 23 24
list                 : 3 23
opt_order_clause     : 3
opt_where_clause     : 3
query                : 2 21 0
select               : 1
table                : 26 27
table_list           : 3 26

Parsing method: LALR

state 0

    (0) S' -> . query
    (1) query -> . select
    (2) query -> . LP query RP
    (3) select -> . SELECT list FROM table_list opt_where_clause opt_order_clause

    LP              shift and go to state 3
    SELECT          shift and go to state 4

    query                          shift and go to state 1
    select                         shift and go to state 2

state 1

    (0) S' -> query .



state 2

    (1) query -> select .

    $end            reduce using rule 1 (query -> select .)
    RP              reduce using rule 1 (query -> select .)


state 3

    (2) query -> LP . query RP
    (1) query -> . select
    (2) query -> . LP query RP
    (3) select -> . SELECT list FROM table_list opt_where_clause opt_order_clause

    LP              shift and go to state 3
    SELECT          shift and go to state 4

    query                          shift and go to state 5
    select                         shift and go to state 2

state 4

    (3) select -> SELECT . list FROM table_list opt_where_clause opt_order_clause
    (23) list -> . list COMMA field
    (24) list -> . field
    (25) list -> . STAR
    (38) field -> . NAME
    (39) field -> . NAME AS NAME
    (40) field -> . aggregate_function
    (41) field -> . aggregate_function AS NAME
    (42) field -> . STAR
    (29) aggregate_function -> . AVG LP NAME RP
    (30) aggregate_function -> . SUM LP NAME RP
    (31) aggregate_function -> . MAX LP NAME RP
    (32) aggregate_function -> . MIN LP NAME RP
    (33) aggregate_function -> . COUNT LP NAME RP

    STAR            shift and go to state 8
    NAME            shift and go to state 9
    AVG             shift and go to state 11
    SUM             shift and go to state 12
    MAX             shift and go to state 13
    MIN             shift and go to state 14
    COUNT           shift and go to state 15

    list                           shift and go to state 6
    field                          shift and go to state 7
    aggregate_function             shift and go to state 10

state 5

    (2) query -> LP query . RP

    RP              shift and go to state 16


state 6

    (3) select -> SELECT list . FROM table_list opt_where_clause opt_order_clause
    (23) list -> list . COMMA field

    FROM            shift and go to state 17
    COMMA           shift and go to state 18


state 7

    (24) list -> field .

    FROM            reduce using rule 24 (list -> field .)
    COMMA           reduce using rule 24 (list -> field .)


state 8

    (25) list -> STAR .
    (42) field -> STAR .

  ! reduce/reduce conflict for FROM resolved using rule 25 (list -> STAR .)
  ! reduce/reduce conflict for COMMA resolved using rule 25 (list -> STAR .)
    FROM            reduce using rule 25 (list -> STAR .)
    COMMA           reduce using rule 25 (list -> STAR .)

  ! FROM            [ reduce using rule 42 (field -> STAR .) ]
  ! COMMA           [ reduce using rule 42 (field -> STAR .) ]


state 9

    (38) field -> NAME .
    (39) field -> NAME . AS NAME

    FROM            reduce using rule 38 (field -> NAME .)
    COMMA           reduce using rule 38 (field -> NAME .)
    AS              shift and go to state 19


state 10

    (40) field -> aggregate_function .
    (41) field -> aggregate_function . AS NAME

    FROM            reduce using rule 40 (field -> aggregate_function .)
    COMMA           reduce using rule 40 (field -> aggregate_function .)
    AS              shift and go to state 20


state 11

    (29) aggregate_function -> AVG . LP NAME RP

    LP              shift and go to state 21


state 12

    (30) aggregate_function -> SUM . LP NAME RP

    LP              shift and go to state 22


state 13

    (31) aggregate_function -> MAX . LP NAME RP

    LP              shift and go to state 23


state 14

    (32) aggregate_function -> MIN . LP NAME RP

    LP              shift and go to state 24


state 15

    (33) aggregate_function -> COUNT . LP NAME RP

    LP              shift and go to state 25


state 16

    (2) query -> LP query RP .

    $end            reduce using rule 2 (query -> LP query RP .)
    RP              reduce using rule 2 (query -> LP query RP .)


state 17

    (3) select -> SELECT list FROM . table_list opt_where_clause opt_order_clause
    (26) table_list -> . table_list COMMA table
    (27) table_list -> . table
    (34) table -> . NAME
    (35) table -> . NAME AS NAME
    (36) table -> . aggregate_function
    (37) table -> . aggregate_function AS NAME
    (29) aggregate_function -> . AVG LP NAME RP
    (30) aggregate_function -> . SUM LP NAME RP
    (31) aggregate_function -> . MAX LP NAME RP
    (32) aggregate_function -> . MIN LP NAME RP
    (33) aggregate_function -> . COUNT LP NAME RP

    NAME            shift and go to state 28
    AVG             shift and go to state 11
    SUM             shift and go to state 12
    MAX             shift and go to state 13
    MIN             shift and go to state 14
    COUNT           shift and go to state 15

    table_list                     shift and go to state 26
    table                          shift and go to state 27
    aggregate_function             shift and go to state 29

state 18

    (23) list -> list COMMA . field
    (38) field -> . NAME
    (39) field -> . NAME AS NAME
    (40) field -> . aggregate_function
    (41) field -> . aggregate_function AS NAME
    (42) field -> . STAR
    (29) aggregate_function -> . AVG LP NAME RP
    (30) aggregate_function -> . SUM LP NAME RP
    (31) aggregate_function -> . MAX LP NAME RP
    (32) aggregate_function -> . MIN LP NAME RP
    (33) aggregate_function -> . COUNT LP NAME RP

    NAME            shift and go to state 9
    STAR            shift and go to state 31
    AVG             shift and go to state 11
    SUM             shift and go to state 12
    MAX             shift and go to state 13
    MIN             shift and go to state 14
    COUNT           shift and go to state 15

    field                          shift and go to state 30
    aggregate_function             shift and go to state 10

state 19

    (39) field -> NAME AS . NAME

    NAME            shift and go to state 32


state 20

    (41) field -> aggregate_function AS . NAME

    NAME            shift and go to state 33


state 21

    (29) aggregate_function -> AVG LP . NAME RP

    NAME            shift and go to state 34


state 22

    (30) aggregate_function -> SUM LP . NAME RP

    NAME            shift and go to state 35


state 23

    (31) aggregate_function -> MAX LP . NAME RP

    NAME            shift and go to state 36


state 24

    (32) aggregate_function -> MIN LP . NAME RP

    NAME            shift and go to state 37


state 25

    (33) aggregate_function -> COUNT LP . NAME RP

    NAME            shift and go to state 38


state 26

    (3) select -> SELECT list FROM table_list . opt_where_clause opt_order_clause
    (26) table_list -> table_list . COMMA table
    (4) opt_where_clause -> . WHERE condition
    (5) opt_where_clause -> . empty
    (28) empty -> .

    COMMA           shift and go to state 40
    WHERE           shift and go to state 41
    ORDER           reduce using rule 28 (empty -> .)
    $end            reduce using rule 28 (empty -> .)
    RP              reduce using rule 28 (empty -> .)

    opt_where_clause               shift and go to state 39
    empty                          shift and go to state 42

state 27

    (27) table_list -> table .

    COMMA           reduce using rule 27 (table_list -> table .)
    WHERE           reduce using rule 27 (table_list -> table .)
    ORDER           reduce using rule 27 (table_list -> table .)
    $end            reduce using rule 27 (table_list -> table .)
    RP              reduce using rule 27 (table_list -> table .)


state 28

    (34) table -> NAME .
    (35) table -> NAME . AS NAME

    COMMA           reduce using rule 34 (table -> NAME .)
    WHERE           reduce using rule 34 (table -> NAME .)
    ORDER           reduce using rule 34 (table -> NAME .)
    $end            reduce using rule 34 (table -> NAME .)
    RP              reduce using rule 34 (table -> NAME .)
    AS              shift and go to state 43


state 29

    (36) table -> aggregate_function .
    (37) table -> aggregate_function . AS NAME

    COMMA           reduce using rule 36 (table -> aggregate_function .)
    WHERE           reduce using rule 36 (table -> aggregate_function .)
    ORDER           reduce using rule 36 (table -> aggregate_function .)
    $end            reduce using rule 36 (table -> aggregate_function .)
    RP              reduce using rule 36 (table -> aggregate_function .)
    AS              shift and go to state 44


state 30

    (23) list -> list COMMA field .

    FROM            reduce using rule 23 (list -> list COMMA field .)
    COMMA           reduce using rule 23 (list -> list COMMA field .)


state 31

    (42) field -> STAR .

    FROM            reduce using rule 42 (field -> STAR .)
    COMMA           reduce using rule 42 (field -> STAR .)


state 32

    (39) field -> NAME AS NAME .

    FROM            reduce using rule 39 (field -> NAME AS NAME .)
    COMMA           reduce using rule 39 (field -> NAME AS NAME .)


state 33

    (41) field -> aggregate_function AS NAME .

    FROM            reduce using rule 41 (field -> aggregate_function AS NAME .)
    COMMA           reduce using rule 41 (field -> aggregate_function AS NAME .)


state 34

    (29) aggregate_function -> AVG LP NAME . RP

    RP              shift and go to state 45


state 35

    (30) aggregate_function -> SUM LP NAME . RP

    RP              shift and go to state 46


state 36

    (31) aggregate_function -> MAX LP NAME . RP

    RP              shift and go to state 47


state 37

    (32) aggregate_function -> MIN LP NAME . RP

    RP              shift and go to state 48


state 38

    (33) aggregate_function -> COUNT LP NAME . RP

    RP              shift and go to state 49


state 39

    (3) select -> SELECT list FROM table_list opt_where_clause . opt_order_clause
    (6) opt_order_clause -> . ORDER BY NAME ASC
    (7) opt_order_clause -> . ORDER BY NAME DESC
    (8) opt_order_clause -> . ORDER BY NAME
    (9) opt_order_clause -> . empty
    (28) empty -> .

    ORDER           shift and go to state 51
    $end            reduce using rule 28 (empty -> .)
    RP              reduce using rule 28 (empty -> .)

    opt_order_clause               shift and go to state 50
    empty                          shift and go to state 52

state 40

    (26) table_list -> table_list COMMA . table
    (34) table -> . NAME
    (35) table -> . NAME AS NAME
    (36) table -> . aggregate_function
    (37) table -> . aggregate_function AS NAME
    (29) aggregate_function -> . AVG LP NAME RP
    (30) aggregate_function -> . SUM LP NAME RP
    (31) aggregate_function -> . MAX LP NAME RP
    (32) aggregate_function -> . MIN LP NAME RP
    (33) aggregate_function -> . COUNT LP NAME RP

    NAME            shift and go to state 28
    AVG             shift and go to state 11
    SUM             shift and go to state 12
    MAX             shift and go to state 13
    MIN             shift and go to state 14
    COUNT           shift and go to state 15

    table                          shift and go to state 53
    aggregate_function             shift and go to state 29

state 41

    (4) opt_where_clause -> WHERE . condition
    (10) condition -> . NAME EQUALS NAME
    (11) condition -> . NAME LT NAME
    (12) condition -> . NAME GT NAME
    (13) condition -> . NAME LE NAME
    (14) condition -> . NAME GE NAME
    (15) condition -> . NAME NE NAME
    (16) condition -> . condition AND condition
    (17) condition -> . condition OR condition
    (18) condition -> . LP condition RP
    (19) condition -> . NAME BETWEEN NAME AND NAME
    (20) condition -> . NAME BETWEEN NUMBER AND NUMBER
    (21) condition -> . NAME IN LP query RP
    (22) condition -> . NAME EQUALS aggregate_function

    NAME            shift and go to state 55
    LP              shift and go to state 56

    condition                      shift and go to state 54

state 42

    (5) opt_where_clause -> empty .

    ORDER           reduce using rule 5 (opt_where_clause -> empty .)
    $end            reduce using rule 5 (opt_where_clause -> empty .)
    RP              reduce using rule 5 (opt_where_clause -> empty .)


state 43

    (35) table -> NAME AS . NAME

    NAME            shift and go to state 57


state 44

    (37) table -> aggregate_function AS . NAME

    NAME            shift and go to state 58


state 45

    (29) aggregate_function -> AVG LP NAME RP .

    AS              reduce using rule 29 (aggregate_function -> AVG LP NAME RP .)
    FROM            reduce using rule 29 (aggregate_function -> AVG LP NAME RP .)
    COMMA           reduce using rule 29 (aggregate_function -> AVG LP NAME RP .)
    WHERE           reduce using rule 29 (aggregate_function -> AVG LP NAME RP .)
    ORDER           reduce using rule 29 (aggregate_function -> AVG LP NAME RP .)
    $end            reduce using rule 29 (aggregate_function -> AVG LP NAME RP .)
    RP              reduce using rule 29 (aggregate_function -> AVG LP NAME RP .)
    AND             reduce using rule 29 (aggregate_function -> AVG LP NAME RP .)
    OR              reduce using rule 29 (aggregate_function -> AVG LP NAME RP .)


state 46

    (30) aggregate_function -> SUM LP NAME RP .

    AS              reduce using rule 30 (aggregate_function -> SUM LP NAME RP .)
    FROM            reduce using rule 30 (aggregate_function -> SUM LP NAME RP .)
    COMMA           reduce using rule 30 (aggregate_function -> SUM LP NAME RP .)
    WHERE           reduce using rule 30 (aggregate_function -> SUM LP NAME RP .)
    ORDER           reduce using rule 30 (aggregate_function -> SUM LP NAME RP .)
    $end            reduce using rule 30 (aggregate_function -> SUM LP NAME RP .)
    RP              reduce using rule 30 (aggregate_function -> SUM LP NAME RP .)
    AND             reduce using rule 30 (aggregate_function -> SUM LP NAME RP .)
    OR              reduce using rule 30 (aggregate_function -> SUM LP NAME RP .)


state 47

    (31) aggregate_function -> MAX LP NAME RP .

    AS              reduce using rule 31 (aggregate_function -> MAX LP NAME RP .)
    FROM            reduce using rule 31 (aggregate_function -> MAX LP NAME RP .)
    COMMA           reduce using rule 31 (aggregate_function -> MAX LP NAME RP .)
    WHERE           reduce using rule 31 (aggregate_function -> MAX LP NAME RP .)
    ORDER           reduce using rule 31 (aggregate_function -> MAX LP NAME RP .)
    $end            reduce using rule 31 (aggregate_function -> MAX LP NAME RP .)
    RP              reduce using rule 31 (aggregate_function -> MAX LP NAME RP .)
    AND             reduce using rule 31 (aggregate_function -> MAX LP NAME RP .)
    OR              reduce using rule 31 (aggregate_function -> MAX LP NAME RP .)


state 48

    (32) aggregate_function -> MIN LP NAME RP .

    AS              reduce using rule 32 (aggregate_function -> MIN LP NAME RP .)
    FROM            reduce using rule 32 (aggregate_function -> MIN LP NAME RP .)
    COMMA           reduce using rule 32 (aggregate_function -> MIN LP NAME RP .)
    WHERE           reduce using rule 32 (aggregate_function -> MIN LP NAME RP .)
    ORDER           reduce using rule 32 (aggregate_function -> MIN LP NAME RP .)
    $end            reduce using rule 32 (aggregate_function -> MIN LP NAME RP .)
    RP              reduce using rule 32 (aggregate_function -> MIN LP NAME RP .)
    AND             reduce using rule 32 (aggregate_function -> MIN LP NAME RP .)
    OR              reduce using rule 32 (aggregate_function -> MIN LP NAME RP .)


state 49

    (33) aggregate_function -> COUNT LP NAME RP .

    AS              reduce using rule 33 (aggregate_function -> COUNT LP NAME RP .)
    FROM            reduce using rule 33 (aggregate_function -> COUNT LP NAME RP .)
    COMMA           reduce using rule 33 (aggregate_function -> COUNT LP NAME RP .)
    WHERE           reduce using rule 33 (aggregate_function -> COUNT LP NAME RP .)
    ORDER           reduce using rule 33 (aggregate_function -> COUNT LP NAME RP .)
    $end            reduce using rule 33 (aggregate_function -> COUNT LP NAME RP .)
    RP              reduce using rule 33 (aggregate_function -> COUNT LP NAME RP .)
    AND             reduce using rule 33 (aggregate_function -> COUNT LP NAME RP .)
    OR              reduce using rule 33 (aggregate_function -> COUNT LP NAME RP .)


state 50

    (3) select -> SELECT list FROM table_list opt_where_clause opt_order_clause .

    $end            reduce using rule 3 (select -> SELECT list FROM table_list opt_where_clause opt_order_clause .)
    RP              reduce using rule 3 (select -> SELECT list FROM table_list opt_where_clause opt_order_clause .)


state 51

    (6) opt_order_clause -> ORDER . BY NAME ASC
    (7) opt_order_clause -> ORDER . BY NAME DESC
    (8) opt_order_clause -> ORDER . BY NAME

    BY              shift and go to state 59


state 52

    (9) opt_order_clause -> empty .

    $end            reduce using rule 9 (opt_order_clause -> empty .)
    RP              reduce using rule 9 (opt_order_clause -> empty .)


state 53

    (26) table_list -> table_list COMMA table .

    COMMA           reduce using rule 26 (table_list -> table_list COMMA table .)
    WHERE           reduce using rule 26 (table_list -> table_list COMMA table .)
    ORDER           reduce using rule 26 (table_list -> table_list COMMA table .)
    $end            reduce using rule 26 (table_list -> table_list COMMA table .)
    RP              reduce using rule 26 (table_list -> table_list COMMA table .)


state 54

    (4) opt_where_clause -> WHERE condition .
    (16) condition -> condition . AND condition
    (17) condition -> condition . OR condition

    ORDER           reduce using rule 4 (opt_where_clause -> WHERE condition .)
    $end            reduce using rule 4 (opt_where_clause -> WHERE condition .)
    RP              reduce using rule 4 (opt_where_clause -> WHERE condition .)
    AND             shift and go to state 60
    OR              shift and go to state 61


state 55

    (10) condition -> NAME . EQUALS NAME
    (11) condition -> NAME . LT NAME
    (12) condition -> NAME . GT NAME
    (13) condition -> NAME . LE NAME
    (14) condition -> NAME . GE NAME
    (15) condition -> NAME . NE NAME
    (19) condition -> NAME . BETWEEN NAME AND NAME
    (20) condition -> NAME . BETWEEN NUMBER AND NUMBER
    (21) condition -> NAME . IN LP query RP
    (22) condition -> NAME . EQUALS aggregate_function

    EQUALS          shift and go to state 62
    LT              shift and go to state 63
    GT              shift and go to state 64
    LE              shift and go to state 65
    GE              shift and go to state 66
    NE              shift and go to state 67
    BETWEEN         shift and go to state 68
    IN              shift and go to state 69


state 56

    (18) condition -> LP . condition RP
    (10) condition -> . NAME EQUALS NAME
    (11) condition -> . NAME LT NAME
    (12) condition -> . NAME GT NAME
    (13) condition -> . NAME LE NAME
    (14) condition -> . NAME GE NAME
    (15) condition -> . NAME NE NAME
    (16) condition -> . condition AND condition
    (17) condition -> . condition OR condition
    (18) condition -> . LP condition RP
    (19) condition -> . NAME BETWEEN NAME AND NAME
    (20) condition -> . NAME BETWEEN NUMBER AND NUMBER
    (21) condition -> . NAME IN LP query RP
    (22) condition -> . NAME EQUALS aggregate_function

    NAME            shift and go to state 55
    LP              shift and go to state 56

    condition                      shift and go to state 70

state 57

    (35) table -> NAME AS NAME .

    COMMA           reduce using rule 35 (table -> NAME AS NAME .)
    WHERE           reduce using rule 35 (table -> NAME AS NAME .)
    ORDER           reduce using rule 35 (table -> NAME AS NAME .)
    $end            reduce using rule 35 (table -> NAME AS NAME .)
    RP              reduce using rule 35 (table -> NAME AS NAME .)


state 58

    (37) table -> aggregate_function AS NAME .

    COMMA           reduce using rule 37 (table -> aggregate_function AS NAME .)
    WHERE           reduce using rule 37 (table -> aggregate_function AS NAME .)
    ORDER           reduce using rule 37 (table -> aggregate_function AS NAME .)
    $end            reduce using rule 37 (table -> aggregate_function AS NAME .)
    RP              reduce using rule 37 (table -> aggregate_function AS NAME .)


state 59

    (6) opt_order_clause -> ORDER BY . NAME ASC
    (7) opt_order_clause -> ORDER BY . NAME DESC
    (8) opt_order_clause -> ORDER BY . NAME

    NAME            shift and go to state 71


state 60

    (16) condition -> condition AND . condition
    (10) condition -> . NAME EQUALS NAME
    (11) condition -> . NAME LT NAME
    (12) condition -> . NAME GT NAME
    (13) condition -> . NAME LE NAME
    (14) condition -> . NAME GE NAME
    (15) condition -> . NAME NE NAME
    (16) condition -> . condition AND condition
    (17) condition -> . condition OR condition
    (18) condition -> . LP condition RP
    (19) condition -> . NAME BETWEEN NAME AND NAME
    (20) condition -> . NAME BETWEEN NUMBER AND NUMBER
    (21) condition -> . NAME IN LP query RP
    (22) condition -> . NAME EQUALS aggregate_function

    NAME            shift and go to state 55
    LP              shift and go to state 56

    condition                      shift and go to state 72

state 61

    (17) condition -> condition OR . condition
    (10) condition -> . NAME EQUALS NAME
    (11) condition -> . NAME LT NAME
    (12) condition -> . NAME GT NAME
    (13) condition -> . NAME LE NAME
    (14) condition -> . NAME GE NAME
    (15) condition -> . NAME NE NAME
    (16) condition -> . condition AND condition
    (17) condition -> . condition OR condition
    (18) condition -> . LP condition RP
    (19) condition -> . NAME BETWEEN NAME AND NAME
    (20) condition -> . NAME BETWEEN NUMBER AND NUMBER
    (21) condition -> . NAME IN LP query RP
    (22) condition -> . NAME EQUALS aggregate_function

    NAME            shift and go to state 55
    LP              shift and go to state 56

    condition                      shift and go to state 73

state 62

    (10) condition -> NAME EQUALS . NAME
    (22) condition -> NAME EQUALS . aggregate_function
    (29) aggregate_function -> . AVG LP NAME RP
    (30) aggregate_function -> . SUM LP NAME RP
    (31) aggregate_function -> . MAX LP NAME RP
    (32) aggregate_function -> . MIN LP NAME RP
    (33) aggregate_function -> . COUNT LP NAME RP

    NAME            shift and go to state 74
    AVG             shift and go to state 11
    SUM             shift and go to state 12
    MAX             shift and go to state 13
    MIN             shift and go to state 14
    COUNT           shift and go to state 15

    aggregate_function             shift and go to state 75

state 63

    (11) condition -> NAME LT . NAME

    NAME            shift and go to state 76


state 64

    (12) condition -> NAME GT . NAME

    NAME            shift and go to state 77


state 65

    (13) condition -> NAME LE . NAME

    NAME            shift and go to state 78


state 66

    (14) condition -> NAME GE . NAME

    NAME            shift and go to state 79


state 67

    (15) condition -> NAME NE . NAME

    NAME            shift and go to state 80


state 68

    (19) condition -> NAME BETWEEN . NAME AND NAME
    (20) condition -> NAME BETWEEN . NUMBER AND NUMBER

    NAME            shift and go to state 81
    NUMBER          shift and go to state 82


state 69

    (21) condition -> NAME IN . LP query RP

    LP              shift and go to state 83


state 70

    (18) condition -> LP condition . RP
    (16) condition -> condition . AND condition
    (17) condition -> condition . OR condition

    RP              shift and go to state 84
    AND             shift and go to state 60
    OR              shift and go to state 61


state 71

    (6) opt_order_clause -> ORDER BY NAME . ASC
    (7) opt_order_clause -> ORDER BY NAME . DESC
    (8) opt_order_clause -> ORDER BY NAME .

    ASC             shift and go to state 85
    DESC            shift and go to state 86
    $end            reduce using rule 8 (opt_order_clause -> ORDER BY NAME .)
    RP              reduce using rule 8 (opt_order_clause -> ORDER BY NAME .)


state 72

    (16) condition -> condition AND condition .
    (16) condition -> condition . AND condition
    (17) condition -> condition . OR condition

  ! shift/reduce conflict for AND resolved as shift
  ! shift/reduce conflict for OR resolved as shift
    ORDER           reduce using rule 16 (condition -> condition AND condition .)
    $end            reduce using rule 16 (condition -> condition AND condition .)
    RP              reduce using rule 16 (condition -> condition AND condition .)
    AND             shift and go to state 60
    OR              shift and go to state 61

  ! AND             [ reduce using rule 16 (condition -> condition AND condition .) ]
  ! OR              [ reduce using rule 16 (condition -> condition AND condition .) ]


state 73

    (17) condition -> condition OR condition .
    (16) condition -> condition . AND condition
    (17) condition -> condition . OR condition

  ! shift/reduce conflict for AND resolved as shift
  ! shift/reduce conflict for OR resolved as shift
    ORDER           reduce using rule 17 (condition -> condition OR condition .)
    $end            reduce using rule 17 (condition -> condition OR condition .)
    RP              reduce using rule 17 (condition -> condition OR condition .)
    AND             shift and go to state 60
    OR              shift and go to state 61

  ! AND             [ reduce using rule 17 (condition -> condition OR condition .) ]
  ! OR              [ reduce using rule 17 (condition -> condition OR condition .) ]


state 74

    (10) condition -> NAME EQUALS NAME .

    AND             reduce using rule 10 (condition -> NAME EQUALS NAME .)
    OR              reduce using rule 10 (condition -> NAME EQUALS NAME .)
    ORDER           reduce using rule 10 (condition -> NAME EQUALS NAME .)
    $end            reduce using rule 10 (condition -> NAME EQUALS NAME .)
    RP              reduce using rule 10 (condition -> NAME EQUALS NAME .)


state 75

    (22) condition -> NAME EQUALS aggregate_function .

    AND             reduce using rule 22 (condition -> NAME EQUALS aggregate_function .)
    OR              reduce using rule 22 (condition -> NAME EQUALS aggregate_function .)
    ORDER           reduce using rule 22 (condition -> NAME EQUALS aggregate_function .)
    $end            reduce using rule 22 (condition -> NAME EQUALS aggregate_function .)
    RP              reduce using rule 22 (condition -> NAME EQUALS aggregate_function .)


state 76

    (11) condition -> NAME LT NAME .

    AND             reduce using rule 11 (condition -> NAME LT NAME .)
    OR              reduce using rule 11 (condition -> NAME LT NAME .)
    ORDER           reduce using rule 11 (condition -> NAME LT NAME .)
    $end            reduce using rule 11 (condition -> NAME LT NAME .)
    RP              reduce using rule 11 (condition -> NAME LT NAME .)


state 77

    (12) condition -> NAME GT NAME .

    AND             reduce using rule 12 (condition -> NAME GT NAME .)
    OR              reduce using rule 12 (condition -> NAME GT NAME .)
    ORDER           reduce using rule 12 (condition -> NAME GT NAME .)
    $end            reduce using rule 12 (condition -> NAME GT NAME .)
    RP              reduce using rule 12 (condition -> NAME GT NAME .)


state 78

    (13) condition -> NAME LE NAME .

    AND             reduce using rule 13 (condition -> NAME LE NAME .)
    OR              reduce using rule 13 (condition -> NAME LE NAME .)
    ORDER           reduce using rule 13 (condition -> NAME LE NAME .)
    $end            reduce using rule 13 (condition -> NAME LE NAME .)
    RP              reduce using rule 13 (condition -> NAME LE NAME .)


state 79

    (14) condition -> NAME GE NAME .

    AND             reduce using rule 14 (condition -> NAME GE NAME .)
    OR              reduce using rule 14 (condition -> NAME GE NAME .)
    ORDER           reduce using rule 14 (condition -> NAME GE NAME .)
    $end            reduce using rule 14 (condition -> NAME GE NAME .)
    RP              reduce using rule 14 (condition -> NAME GE NAME .)


state 80

    (15) condition -> NAME NE NAME .

    AND             reduce using rule 15 (condition -> NAME NE NAME .)
    OR              reduce using rule 15 (condition -> NAME NE NAME .)
    ORDER           reduce using rule 15 (condition -> NAME NE NAME .)
    $end            reduce using rule 15 (condition -> NAME NE NAME .)
    RP              reduce using rule 15 (condition -> NAME NE NAME .)


state 81

    (19) condition -> NAME BETWEEN NAME . AND NAME

    AND             shift and go to state 87


state 82

    (20) condition -> NAME BETWEEN NUMBER . AND NUMBER

    AND             shift and go to state 88


state 83

    (21) condition -> NAME IN LP . query RP
    (1) query -> . select
    (2) query -> . LP query RP
    (3) select -> . SELECT list FROM table_list opt_where_clause opt_order_clause

    LP              shift and go to state 3
    SELECT          shift and go to state 4

    query                          shift and go to state 89
    select                         shift and go to state 2

state 84

    (18) condition -> LP condition RP .

    AND             reduce using rule 18 (condition -> LP condition RP .)
    OR              reduce using rule 18 (condition -> LP condition RP .)
    ORDER           reduce using rule 18 (condition -> LP condition RP .)
    $end            reduce using rule 18 (condition -> LP condition RP .)
    RP              reduce using rule 18 (condition -> LP condition RP .)


state 85

    (6) opt_order_clause -> ORDER BY NAME ASC .

    $end            reduce using rule 6 (opt_order_clause -> ORDER BY NAME ASC .)
    RP              reduce using rule 6 (opt_order_clause -> ORDER BY NAME ASC .)


state 86

    (7) opt_order_clause -> ORDER BY NAME DESC .

    $end            reduce using rule 7 (opt_order_clause -> ORDER BY NAME DESC .)
    RP              reduce using rule 7 (opt_order_clause -> ORDER BY NAME DESC .)


state 87

    (19) condition -> NAME BETWEEN NAME AND . NAME

    NAME            shift and go to state 90


state 88

    (20) condition -> NAME BETWEEN NUMBER AND . NUMBER

    NUMBER          shift and go to state 91


state 89

    (21) condition -> NAME IN LP query . RP

    RP              shift and go to state 92


state 90

    (19) condition -> NAME BETWEEN NAME AND NAME .

    AND             reduce using rule 19 (condition -> NAME BETWEEN NAME AND NAME .)
    OR              reduce using rule 19 (condition -> NAME BETWEEN NAME AND NAME .)
    ORDER           reduce using rule 19 (condition -> NAME BETWEEN NAME AND NAME .)
    $end            reduce using rule 19 (condition -> NAME BETWEEN NAME AND NAME .)
    RP              reduce using rule 19 (condition -> NAME BETWEEN NAME AND NAME .)


state 91

    (20) condition -> NAME BETWEEN NUMBER AND NUMBER .

    AND             reduce using rule 20 (condition -> NAME BETWEEN NUMBER AND NUMBER .)
    OR              reduce using rule 20 (condition -> NAME BETWEEN NUMBER AND NUMBER .)
    ORDER           reduce using rule 20 (condition -> NAME BETWEEN NUMBER AND NUMBER .)
    $end            reduce using rule 20 (condition -> NAME BETWEEN NUMBER AND NUMBER .)
    RP              reduce using rule 20 (condition -> NAME BETWEEN NUMBER AND NUMBER .)


state 92

    (21) condition -> NAME IN LP query RP .

    AND             reduce using rule 21 (condition -> NAME IN LP query RP .)
    OR              reduce using rule 21 (condition -> NAME IN LP query RP .)
    ORDER           reduce using rule 21 (condition -> NAME IN LP query RP .)
    $end            reduce using rule 21 (condition -> NAME IN LP query RP .)
    RP              reduce using rule 21 (condition -> NAME IN LP query RP .)

WARNING: 
WARNING: Conflicts:
WARNING: 
WARNING: shift/reduce conflict for AND in state 72 resolved as shift
WARNING: shift/reduce conflict for OR in state 72 resolved as shift
WARNING: shift/reduce conflict for AND in state 73 resolved as shift
WARNING: shift/reduce conflict for OR in state 73 resolved as shift
WARNING: reduce/reduce conflict in state 8 resolved using rule (list -> STAR)
WARNING: rejected rule (field -> STAR) in state 8
